<?xml version="1.0" encoding="UTF-8"?>
<!-- Generated by org.testng.reporters.JUnitReportReporter -->
<testsuite hostname="DESKTOP-O9GDULK" failures="0" tests="2" name="AnjanaJohny.tests.Submitorder" time="25.137" errors="0" timestamp="2022-11-23T12:39:59 EST" skipped="0">
  <testcase classname="AnjanaJohny.tests.Submitorder" name="Standalonetest" time="12.293"/>
  <system-out/>
  <testcase classname="AnjanaJohny.tests.Submitorder" name="Standalonetest" time="12.844"/>
  <system-out/>
</testsuite> <!-- AnjanaJohny.tests.Submitorder -->
