<?xml version="1.0" encoding="UTF-8"?>
<!-- Generated by org.testng.reporters.JUnitReportReporter -->
<testsuite hostname="DESKTOP-O9GDULK" failures="0" tests="1" name="AnjanaJohny.StandAloneTestPractice" time="23.643" errors="0" timestamp="2022-10-07T16:26:08 EDT" skipped="0">
  <testcase classname="AnjanaJohny.StandAloneTestPractice" name="Standalonetest" time="23.643"/>
  <system-out/>
</testsuite> <!-- AnjanaJohny.StandAloneTestPractice -->
