<?xml version="1.0" encoding="UTF-8"?>
<!-- Generated by org.testng.reporters.JUnitReportReporter -->
<testsuite hostname="DESKTOP-O9GDULK" failures="0" tests="1" name="AnjanaJohny.tests.ErrorValidation" time="10.063" errors="0" timestamp="2022-11-23T12:39:28 EST" skipped="0">
  <testcase classname="AnjanaJohny.tests.ErrorValidation" name="loginErrorValidation" time="10.063"/>
  <system-out/>
</testsuite> <!-- AnjanaJohny.tests.ErrorValidation -->
