<?xml version="1.0" encoding="UTF-8"?>
<!-- Generated by org.testng.reporters.JUnitReportReporter -->
<testsuite hostname="DESKTOP-O9GDULK" failures="0" tests="1" name="AnjanaJohny.ErrorValidation" time="7.850" errors="0" timestamp="2022-10-07T16:41:51 EDT" skipped="0">
  <testcase classname="AnjanaJohny.ErrorValidation" name="Standalonetest" time="7.850"/>
  <system-out/>
</testsuite> <!-- AnjanaJohny.ErrorValidation -->
