<?xml version="1.0" encoding="UTF-8"?>
<!-- Generated by org.testng.reporters.JUnitReportReporter -->
<testsuite hostname="DESKTOP-O9GDULK" failures="0" tests="2" name="AnjanaJohny.tests.ErrorValidation" time="23.118" errors="0" timestamp="2022-11-23T12:56:44 EST" skipped="0">
  <testcase classname="AnjanaJohny.tests.ErrorValidation" name="productErrorValidation" time="11.907"/>
  <system-out/>
  <testcase classname="AnjanaJohny.tests.ErrorValidation" name="loginErrorValidation" time="11.211"/>
  <system-out/>
</testsuite> <!-- AnjanaJohny.tests.ErrorValidation -->
