<?xml version="1.0" encoding="UTF-8"?>
<!-- Generated by org.testng.reporters.JUnitReportReporter -->
<testsuite hostname="DESKTOP-O9GDULK" failures="0" tests="3" name="AnjanaJohny.tests.Submitorder" time="38.152" errors="0" timestamp="2022-11-23T12:56:44 EST" skipped="0">
  <testcase classname="AnjanaJohny.tests.Submitorder" name="Standalonetest" time="15.108"/>
  <system-out/>
  <testcase classname="AnjanaJohny.tests.Submitorder" name="OrderHistory" time="7.823"/>
  <system-out/>
  <testcase classname="AnjanaJohny.tests.Submitorder" name="Standalonetest" time="15.221"/>
  <system-out/>
</testsuite> <!-- AnjanaJohny.tests.Submitorder -->
