<?xml version="1.0" encoding="UTF-8"?>
<!-- Generated by org.testng.reporters.JUnitReportReporter -->
<testsuite hostname="DESKTOP-O9GDULK" failures="0" tests="1" name="cucumber.TestNGTestRunner" time="12.111" errors="0" timestamp="2022-11-23T12:40:42 EST" skipped="0">
  <testcase classname="cucumber.TestNGTestRunner" name="runScenario" time="12.111"/>
  <system-out/>
</testsuite> <!-- cucumber.TestNGTestRunner -->
